0 info it worked if it ends with ok
1 verbose cli [ '/usr/local/bin/node', '/usr/local/bin/npm', 'run', 'bundle' ]
2 info using npm@3.10.10
3 info using node@v6.10.3
4 verbose run-script [ 'prebundle', 'bundle', 'postbundle' ]
5 info lifecycle authentication-in-react-apps@1.0.0~prebundle: authentication-in-react-apps@1.0.0
6 silly lifecycle authentication-in-react-apps@1.0.0~prebundle: no script for prebundle, continuing
7 info lifecycle authentication-in-react-apps@1.0.0~bundle: authentication-in-react-apps@1.0.0
8 verbose lifecycle authentication-in-react-apps@1.0.0~bundle: unsafe-perm in lifecycle true
9 verbose lifecycle authentication-in-react-apps@1.0.0~bundle: PATH: /usr/local/lib/node_modules/npm/bin/node-gyp-bin:/home/ukistu08/Documents/Uki-exercise/jsonwt/node_modules/.bin:/home/ukistu08/bin:/home/ukistu08/.local/bin:/usr/local/sbin:/usr/local/bin:/usr/sbin:/usr/bin:/sbin:/bin:/usr/games:/usr/local/games:/snap/bin
10 verbose lifecycle authentication-in-react-apps@1.0.0~bundle: CWD: /home/ukistu08/Documents/Uki-exercise/jsonwt
11 silly lifecycle authentication-in-react-apps@1.0.0~bundle: Args: [ '-c', 'webpack' ]
12 silly lifecycle authentication-in-react-apps@1.0.0~bundle: Returned: code: 255  signal: null
13 info lifecycle authentication-in-react-apps@1.0.0~bundle: Failed to exec bundle script
14 verbose stack Error: authentication-in-react-apps@1.0.0 bundle: `webpack`
14 verbose stack Exit status 255
14 verbose stack     at EventEmitter.<anonymous> (/usr/local/lib/node_modules/npm/lib/utils/lifecycle.js:255:16)
14 verbose stack     at emitTwo (events.js:106:13)
14 verbose stack     at EventEmitter.emit (events.js:191:7)
14 verbose stack     at ChildProcess.<anonymous> (/usr/local/lib/node_modules/npm/lib/utils/spawn.js:40:14)
14 verbose stack     at emitTwo (events.js:106:13)
14 verbose stack     at ChildProcess.emit (events.js:191:7)
14 verbose stack     at maybeClose (internal/child_process.js:886:16)
14 verbose stack     at Process.ChildProcess._handle.onexit (internal/child_process.js:226:5)
15 verbose pkgid authentication-in-react-apps@1.0.0
16 verbose cwd /home/ukistu08/Documents/Uki-exercise/jsonwt
17 error Linux 4.10.0-27-generic
18 error argv "/usr/local/bin/node" "/usr/local/bin/npm" "run" "bundle"
19 error node v6.10.3
20 error npm  v3.10.10
21 error code ELIFECYCLE
22 error authentication-in-react-apps@1.0.0 bundle: `webpack`
22 error Exit status 255
23 error Failed at the authentication-in-react-apps@1.0.0 bundle script 'webpack'.
23 error Make sure you have the latest version of node.js and npm installed.
23 error If you do, this is most likely a problem with the authentication-in-react-apps package,
23 error not with npm itself.
23 error Tell the author that this fails on your system:
23 error     webpack
23 error You can get information on how to open an issue for this project with:
23 error     npm bugs authentication-in-react-apps
23 error Or if that isn't available, you can get their info via:
23 error     npm owner ls authentication-in-react-apps
23 error There is likely additional logging output above.
24 verbose exit [ 1, true ]
